<?xml version="1.0" encoding="UTF-8"?>
<!-- Generated by org.testng.reporters.JUnitReportReporter -->
<testsuite skipped="0" hostname="SAURMUKH-5UJN2" name="TestPOM_TestNG2" tests="3" failures="0" timestamp="03 Nov 2018 13:42:34 GMT" time="106.806" errors="0">
  <testcase name="test2" time="41.344" classname="TestPOM_TestNG2"/>
  <testcase name="test4" time="33.184" classname="TestPOM_TestNG2"/>
  <testcase name="test3" time="32.278" classname="TestPOM_TestNG2"/>
</testsuite> <!-- TestPOM_TestNG2 -->
